<?xml version="1.0" encoding="UTF-8"?>
<testsuite name="Matrix" tests="4" skipped="0" failures="0" errors="0" timestamp="2023-01-16T08:48:52" hostname="DESKTOP-LQPST6C" time="0.539">
  <properties/>
  <testcase name="Determinant" classname="Matrix" time="0.516"/>
  <testcase name="Transpose" classname="Matrix" time="0.008"/>
  <testcase name="Inverse" classname="Matrix" time="0.007"/>
  <testcase name="Cofactor" classname="Matrix" time="0.007"/>
  <system-out><![CDATA[]]></system-out>
  <system-err><![CDATA[]]></system-err>
</testsuite>
